[2026-03-22 16:23:16][INFO][1527813][preprocesser.hpp][35] - 文件名称: 1774167796494_1
[2026-03-22 16:23:16][INFO][1527813][compiler.hpp][50] - 编译成功
[2026-03-22 16:23:16][DEBUG][1529999][runner.hpp][53] - 设置资源限制 - CPU: 1秒, 内存: 20971520字节
[2026-03-22 16:23:16][DEBUG][1529998][runner.hpp][211] - 1 的status:0
[2026-03-22 16:23:16][DEBUG][1530000][runner.hpp][53] - 设置资源限制 - CPU: 1秒, 内存: 20971520字节
[2026-03-22 16:23:16][DEBUG][1529998][runner.hpp][211] - 2 的status:0
[2026-03-22 16:23:16][DEBUG][1530001][runner.hpp][53] - 设置资源限制 - CPU: 1秒, 内存: 20971520字节
[2026-03-22 16:23:16][DEBUG][1529998][runner.hpp][211] - 3 的status:0
[2026-03-22 16:23:16][INFO][1527813][runner.hpp][240] - 运行完毕,ExitCode: 0
[2026-03-22 16:23:16][DEBUG][1527813][judge.hpp][49] - stderr: 
[2026-03-22 16:23:16][DEBUG][1527813][judge.hpp][49] - stderr: 
[2026-03-22 16:23:16][DEBUG][1527813][judge.hpp][49] - stderr: 
[2026-03-22 16:23:16][DEBUG][1527813][COP_hanlder.hpp][132] - 在 judge.hpp 的 83 行结束责任链
[2026-03-22 16:23:16][DEBUG][1527813][COP_hanlder.hpp][174] - out_json:{
   "desc" : "\u90e8\u5206\u89e3\u7b54\u9519\u8bef",
   "status" : "WA WA WA "
}

[2026-03-22 16:23:28][INFO][1527813][preprocesser.hpp][35] - 文件名称: 1774167808935_2
[2026-03-22 16:23:29][INFO][1527813][compiler.hpp][50] - 编译成功
[2026-03-22 16:23:29][DEBUG][1530306][runner.hpp][53] - 设置资源限制 - CPU: 1秒, 内存: 20971520字节
[2026-03-22 16:23:29][DEBUG][1530305][runner.hpp][211] - 1 的status:0
[2026-03-22 16:23:29][DEBUG][1530307][runner.hpp][53] - 设置资源限制 - CPU: 1秒, 内存: 20971520字节
[2026-03-22 16:23:29][DEBUG][1530305][runner.hpp][211] - 2 的status:0
[2026-03-22 16:23:29][DEBUG][1530308][runner.hpp][53] - 设置资源限制 - CPU: 1秒, 内存: 20971520字节
[2026-03-22 16:23:29][DEBUG][1530305][runner.hpp][211] - 3 的status:0
[2026-03-22 16:23:29][INFO][1527813][runner.hpp][240] - 运行完毕,ExitCode: 0
[2026-03-22 16:23:29][DEBUG][1527813][judge.hpp][49] - stderr: 
[2026-03-22 16:23:29][DEBUG][1527813][judge.hpp][49] - stderr: 
[2026-03-22 16:23:29][DEBUG][1527813][judge.hpp][49] - stderr: 
[2026-03-22 16:23:29][DEBUG][1527813][COP_hanlder.hpp][132] - 在 judge.hpp 的 83 行结束责任链
[2026-03-22 16:23:29][DEBUG][1527813][COP_hanlder.hpp][174] - out_json:{
   "desc" : "\u606d\u559c\u4f60!\u5df2\u901a\u8fc7\u6b64\u9898",
   "status" : "AC AC AC "
}

[2026-03-22 16:24:09][INFO][1527813][preprocesser.hpp][35] - 文件名称: 1774167849671_3
[2026-03-22 16:24:09][INFO][1527813][compiler.hpp][50] - 编译成功
[2026-03-22 16:24:09][DEBUG][1531345][runner.hpp][53] - 设置资源限制 - CPU: 1秒, 内存: 20971520字节
[2026-03-22 16:24:09][DEBUG][1531344][runner.hpp][211] - 1 的status:0
[2026-03-22 16:24:09][DEBUG][1531346][runner.hpp][53] - 设置资源限制 - CPU: 1秒, 内存: 20971520字节
[2026-03-22 16:24:10][DEBUG][1531344][runner.hpp][211] - 2 的status:0
[2026-03-22 16:24:10][DEBUG][1531347][runner.hpp][53] - 设置资源限制 - CPU: 1秒, 内存: 20971520字节
[2026-03-22 16:24:10][DEBUG][1531344][runner.hpp][211] - 3 的status:0
[2026-03-22 16:24:10][DEBUG][1531348][runner.hpp][53] - 设置资源限制 - CPU: 1秒, 内存: 20971520字节
[2026-03-22 16:24:10][DEBUG][1531344][runner.hpp][211] - 4 的status:0
[2026-03-22 16:24:10][INFO][1527813][runner.hpp][240] - 运行完毕,ExitCode: 0
[2026-03-22 16:24:10][DEBUG][1527813][judge.hpp][49] - stderr: 
[2026-03-22 16:24:10][DEBUG][1527813][judge.hpp][49] - stderr: 
[2026-03-22 16:24:10][DEBUG][1527813][judge.hpp][49] - stderr: 
[2026-03-22 16:24:10][DEBUG][1527813][judge.hpp][49] - stderr: 
[2026-03-22 16:24:10][DEBUG][1527813][COP_hanlder.hpp][132] - 在 judge.hpp 的 83 行结束责任链
[2026-03-22 16:24:10][DEBUG][1527813][COP_hanlder.hpp][174] - out_json:{
   "desc" : "\u606d\u559c\u4f60!\u5df2\u901a\u8fc7\u6b64\u9898",
   "status" : "AC AC AC AC "
}

[2026-03-22 16:25:01][INFO][1527813][preprocesser.hpp][35] - 文件名称: 1774167901299_4
[2026-03-22 16:25:01][INFO][1527813][compiler.hpp][50] - 编译成功
[2026-03-22 16:25:01][DEBUG][1532797][runner.hpp][53] - 设置资源限制 - CPU: 1秒, 内存: 20971520字节
[2026-03-22 16:25:01][DEBUG][1532796][runner.hpp][211] - 1 的status:0
[2026-03-22 16:25:01][DEBUG][1532798][runner.hpp][53] - 设置资源限制 - CPU: 1秒, 内存: 20971520字节
[2026-03-22 16:25:01][DEBUG][1532796][runner.hpp][211] - 2 的status:0
[2026-03-22 16:25:01][DEBUG][1532799][runner.hpp][53] - 设置资源限制 - CPU: 1秒, 内存: 20971520字节
[2026-03-22 16:25:01][DEBUG][1532796][runner.hpp][211] - 3 的status:0
[2026-03-22 16:25:01][DEBUG][1532800][runner.hpp][53] - 设置资源限制 - CPU: 1秒, 内存: 20971520字节
[2026-03-22 16:25:01][DEBUG][1532796][runner.hpp][211] - 4 的status:0
[2026-03-22 16:25:01][INFO][1527813][runner.hpp][240] - 运行完毕,ExitCode: 0
[2026-03-22 16:25:01][DEBUG][1527813][judge.hpp][49] - stderr: 
[2026-03-22 16:25:01][DEBUG][1527813][judge.hpp][49] - stderr: 
[2026-03-22 16:25:01][DEBUG][1527813][judge.hpp][49] - stderr: 
[2026-03-22 16:25:01][DEBUG][1527813][judge.hpp][49] - stderr: 
[2026-03-22 16:25:01][DEBUG][1527813][COP_hanlder.hpp][132] - 在 judge.hpp 的 83 行结束责任链
[2026-03-22 16:25:01][DEBUG][1527813][COP_hanlder.hpp][174] - out_json:{
   "desc" : "\u90e8\u5206\u89e3\u7b54\u9519\u8bef",
   "status" : "WA WA WA WA "
}

[2026-03-22 16:26:01][INFO][1527813][preprocesser.hpp][35] - 文件名称: 1774167961122_5
[2026-03-22 16:26:01][INFO][1527813][compiler.hpp][50] - 编译成功
[2026-03-22 16:26:01][DEBUG][1534304][runner.hpp][53] - 设置资源限制 - CPU: 1秒, 内存: 20971520字节
[2026-03-22 16:26:01][DEBUG][1534292][runner.hpp][211] - 1 的status:0
[2026-03-22 16:26:01][DEBUG][1534305][runner.hpp][53] - 设置资源限制 - CPU: 1秒, 内存: 20971520字节
[2026-03-22 16:26:01][DEBUG][1534292][runner.hpp][211] - 2 的status:0
[2026-03-22 16:26:01][DEBUG][1534306][runner.hpp][53] - 设置资源限制 - CPU: 1秒, 内存: 20971520字节
[2026-03-22 16:26:01][DEBUG][1534292][runner.hpp][211] - 3 的status:0
[2026-03-22 16:26:01][INFO][1527813][runner.hpp][240] - 运行完毕,ExitCode: 0
[2026-03-22 16:26:01][DEBUG][1527813][judge.hpp][49] - stderr: 
[2026-03-22 16:26:01][DEBUG][1527813][judge.hpp][49] - stderr: 
[2026-03-22 16:26:01][DEBUG][1527813][judge.hpp][49] - stderr: 
[2026-03-22 16:26:01][DEBUG][1527813][COP_hanlder.hpp][132] - 在 judge.hpp 的 83 行结束责任链
[2026-03-22 16:26:01][DEBUG][1527813][COP_hanlder.hpp][174] - out_json:{
   "desc" : "\u90e8\u5206\u89e3\u7b54\u9519\u8bef",
   "status" : "WA WA WA "
}

[2026-03-22 16:27:31][INFO][1527813][preprocesser.hpp][35] - 文件名称: 1774168051953_6
[2026-03-22 16:27:32][INFO][1527813][compiler.hpp][50] - 编译成功
[2026-03-22 16:27:32][DEBUG][1535794][runner.hpp][53] - 设置资源限制 - CPU: 1秒, 内存: 20971520字节
[2026-03-22 16:27:32][DEBUG][1535793][runner.hpp][211] - 1 的status:0
[2026-03-22 16:27:32][DEBUG][1535795][runner.hpp][53] - 设置资源限制 - CPU: 1秒, 内存: 20971520字节
[2026-03-22 16:27:32][DEBUG][1535793][runner.hpp][211] - 2 的status:0
[2026-03-22 16:27:32][DEBUG][1535796][runner.hpp][53] - 设置资源限制 - CPU: 1秒, 内存: 20971520字节
[2026-03-22 16:27:32][DEBUG][1535793][runner.hpp][211] - 3 的status:0
[2026-03-22 16:27:32][DEBUG][1535797][runner.hpp][53] - 设置资源限制 - CPU: 1秒, 内存: 20971520字节
[2026-03-22 16:27:32][DEBUG][1535793][runner.hpp][211] - 4 的status:0
[2026-03-22 16:27:32][INFO][1527813][runner.hpp][240] - 运行完毕,ExitCode: 0
[2026-03-22 16:27:32][DEBUG][1527813][judge.hpp][49] - stderr: 
[2026-03-22 16:27:32][DEBUG][1527813][judge.hpp][49] - stderr: 
[2026-03-22 16:27:32][DEBUG][1527813][judge.hpp][49] - stderr: 
[2026-03-22 16:27:32][DEBUG][1527813][judge.hpp][49] - stderr: 
[2026-03-22 16:27:32][DEBUG][1527813][COP_hanlder.hpp][132] - 在 judge.hpp 的 83 行结束责任链
[2026-03-22 16:27:32][DEBUG][1527813][COP_hanlder.hpp][174] - out_json:{
   "desc" : "\u90e8\u5206\u89e3\u7b54\u9519\u8bef",
   "status" : "WA WA WA WA "
}

[2026-03-22 16:31:01][INFO][1527813][preprocesser.hpp][35] - 文件名称: 1774168261759_7
[2026-03-22 16:31:01][INFO][1527813][compiler.hpp][54] - 编译失败
[2026-03-22 16:31:01][DEBUG][1527813][COP_hanlder.hpp][132] - 在 compiler.hpp 的 55 行结束责任链
[2026-03-22 16:31:01][DEBUG][1527813][COP_hanlder.hpp][174] - out_json:{
   "desc" : "\u7f16\u8bd1\u9519\u8bef",
   "status" : "COMPILE_ERROR ",
   "stderr" : "",
   "stdout" : ""
}

[2026-03-22 16:31:09][INFO][1527813][preprocesser.hpp][35] - 文件名称: 1774168269993_8
[2026-03-22 16:31:10][INFO][1527813][compiler.hpp][50] - 编译成功
[2026-03-22 16:31:10][DEBUG][1537414][runner.hpp][53] - 设置资源限制 - CPU: 1秒, 内存: 20971520字节
[2026-03-22 16:31:10][DEBUG][1537413][runner.hpp][211] - 1 的status:0
[2026-03-22 16:31:10][DEBUG][1537415][runner.hpp][53] - 设置资源限制 - CPU: 1秒, 内存: 20971520字节
[2026-03-22 16:31:10][DEBUG][1537413][runner.hpp][211] - 2 的status:0
[2026-03-22 16:31:10][DEBUG][1537416][runner.hpp][53] - 设置资源限制 - CPU: 1秒, 内存: 20971520字节
[2026-03-22 16:31:10][DEBUG][1537413][runner.hpp][211] - 3 的status:0
[2026-03-22 16:31:10][DEBUG][1537417][runner.hpp][53] - 设置资源限制 - CPU: 1秒, 内存: 20971520字节
[2026-03-22 16:31:10][DEBUG][1537413][runner.hpp][211] - 4 的status:0
[2026-03-22 16:31:10][INFO][1527813][runner.hpp][240] - 运行完毕,ExitCode: 0
[2026-03-22 16:31:10][DEBUG][1527813][judge.hpp][49] - stderr: 
[2026-03-22 16:31:10][DEBUG][1527813][judge.hpp][49] - stderr: 
[2026-03-22 16:31:10][DEBUG][1527813][judge.hpp][49] - stderr: 
[2026-03-22 16:31:10][DEBUG][1527813][judge.hpp][49] - stderr: 
[2026-03-22 16:31:10][DEBUG][1527813][COP_hanlder.hpp][132] - 在 judge.hpp 的 83 行结束责任链
[2026-03-22 16:31:10][DEBUG][1527813][COP_hanlder.hpp][174] - out_json:{
   "desc" : "\u606d\u559c\u4f60!\u5df2\u901a\u8fc7\u6b64\u9898",
   "status" : "AC AC AC AC "
}

[2026-03-22 16:32:10][INFO][1527813][preprocesser.hpp][35] - 文件名称: 1774168330546_9
[2026-03-22 16:32:10][INFO][1527813][compiler.hpp][54] - 编译失败
[2026-03-22 16:32:10][DEBUG][1527813][COP_hanlder.hpp][132] - 在 compiler.hpp 的 55 行结束责任链
[2026-03-22 16:32:10][DEBUG][1527813][COP_hanlder.hpp][174] - out_json:{
   "desc" : "\u7f16\u8bd1\u9519\u8bef",
   "status" : "COMPILE_ERROR ",
   "stderr" : "",
   "stdout" : ""
}

